7524	7537
7524	7538
7524	7565
7524	7566
7524	7568
7524	7580
7682	7690
7682	7691
7682	7696
7682	7697
7682	7699
7682	7700
7682	7702
7682	7703
7682	7707
7682	7708
7682	7713
7682	7716
7682	7718
7682	7719
7682	7721
7682	7722
8885	/bin/cat shell.c 
8885	/bin/cat
8885	shell.c
8885	 asd
8885	asd
8885	8895
8885	done
8885	8896
8885	done
8993	pwd
8993	pwd
8993	9007
8993	done
8993	/bin/cat hw7/shell.c 
8993	/bin/cat
8993	hw7/shell.c
8993	 asd
8993	asd
8993	9042
4314	4360
4490	4512
4490	4513
4490	4514
4490	4515
4490	4516
4490	4517
4490	4518
4490	4519
4490	4520
4490	4521
4490	4522
4490	4523
4490	4524
4490	4525
4490	4526
4490	4527
4490	4528
4490	4529
4490	4530
4490	4531
4490	4532
4490	4533
4490	4534
4490	4535
4490	4536
4490	4537
4490	4538
4490	4539
4490	4540
4490	4541
4490	4542
4490	4543
4490	4544
4490	4545
4490	4546
4490	4547
4490	4548
4490	4549
4490	4552
4490	4554
4490	4555
4490	4556
4490	4557
4490	4558
4490	4559
4490	4560
4490	4561
4490	4562
4490	4563
4490	4564
4490	4565
4490	4566
4490	4567
4490	4568
4490	4569
4490	4570
4490	4571
4490	4572
4490	4573
4490	4574
4490	4575
4490	4577
4490	4578
4490	4579
4490	4580
4490	4581
4490	4582
4490	4583
4490	4584
4490	4585
4490	4586
4490	4587
4490	4588
4490	4589
4490	4590
4490	4591
4490	4592
4490	4593
4490	4594
4490	4595
4490	4596
4490	4597
4490	4598
4490	4599
4490	4600
4490	4601
4490	4602
4490	4603
4490	4604
4490	4605
4490	4606
4490	4607
4490	4608
4490	4609
4490	4610
4490	4611
4490	4612
4490	4613
4490	4614
4490	4615
4490	4616
4490	4617
4490	4618
4490	4619
4490	4620
4490	4621
4490	4622
4490	4623
4490	4624
4490	4625
4490	4626
4490	4627
4490	4628
4490	4629
4490	4630
4490	4631
4490	4632
4490	4633
4490	4634
4490	4635
4490	4636
4490	4637
4490	4638
4490	4639
4490	4640
4490	4641
4490	4642
4490	4643
4490	4644
4490	4645
4490	4646
4490	4647
4490	4648
4490	4649
4490	4650
4490	4651
4490	4652
4490	4653
4490	4654
4490	4655
4490	4656
4490	4657
4490	4658
4490	4659
4490	4660
4490	4661
4490	4662
4490	4663
4490	4664
4490	4665
4490	4666
4490	4667
4490	4668
4490	4669
4490	4670
4490	4671
4490	4672
4490	4673
4490	4674
4490	4675
4490	4676
4490	4677
4490	4678
4490	4679
4490	4680
4490	4681
4490	4682
4490	4683
4490	4684
4490	4685
4490	4686
4490	4687
4490	4688
4490	4689
4490	4690
4490	4691
4490	4692
4490	4693
4490	4694
4490	4695
4490	4696
4490	4697
4490	4698
4490	4699
4490	4700
4490	4701
4490	4702
4490	4703
4490	4704
4490	4705
4490	4706
4490	4707
4490	4708
4490	4709
4490	4710
4490	4711
4490	4712
4490	4713
4490	4714
4490	4715
4490	4716
4490	4717
4490	4718
4490	4719
4490	4720
4490	4721
4490	4722
4490	4723
4490	4724
4490	4725
4490	4726
4490	4727
4490	4728
4490	4729
4490	4730
4490	4731
4490	4732
4490	4733
4490	4734
4490	4735
4490	4736
4490	4737
4490	4738
4490	4739
4490	4740
4490	4741
4490	4742
4490	4743
4490	4744
4490	4745
4490	4746
4490	4747
4490	4748
4490	4749
4490	4750
4490	4751
4490	4752
4490	4753
4490	4754
4490	4755
4490	4756
4490	4757
4490	4758
4490	4759
4490	4760
4490	4761
4490	4762
4490	4763
4490	4764
4490	4765
4490	4766
4490	4767
4490	4768
4490	4769
4490	4770
4490	4771
4490	4772
4490	4773
4490	4774
4490	4775
4490	4776
4490	4777
4490	4778
4490	4779
4490	4780
4490	4781
4490	4782
4490	4783
4490	4784
4490	4785
4490	4786
4490	4787
4490	4788
4490	4789
4490	4790
4490	4791
4490	4792
4490	4793
4490	4794
4490	4795
4490	4796
4490	4797
4490	4798
4490	4799
4490	4800
4490	4801
4490	4802
4490	4803
4490	4804
4490	4805
4490	4806
4490	4807
4490	4808
4490	4809
4490	4810
4490	4811
4490	4812
4490	4813
4490	4814
4490	4815
4490	4816
4490	4817
4490	4818
4490	4819
4490	4820
4490	4821
4490	4822
4490	4823
4490	4824
4490	4825
4490	4826
4490	4827
4490	4828
4490	4829
4490	4830
4490	4831
4490	4832
4490	4833
4490	4834
4490	4835
4490	4836
4490	4837
4490	4838
4490	4839
4490	4840
4490	4841
4490	4842
4490	4843
4490	4844
4490	4845
4490	4846
4490	4847
4490	4848
4490	4849
4490	4850
4490	4851
4490	4852
4490	4853
4490	4854
4490	4855
4490	4856
4490	4857
4490	4858
4490	4859
4490	4860
4490	4861
4490	4862
4490	4863
4490	4864
4490	4865
4490	4866
4490	4867
4490	4868
4490	4869
4490	4870
4490	4871
4490	4872
4490	4873
4490	4874
4490	4875
4490	4876
4490	4877
4490	4878
4490	4879
4490	4880
4490	4881
4490	4882
4490	4883
4490	4884
4490	4885
4490	4886
4490	4887
4490	4888
4490	4889
4490	4890
4490	4891
4490	4892
4490	4893
4490	4894
4490	4895
4490	4896
4490	4897
4490	4898
4490	4899
4490	4900
4490	4901
4490	4902
4490	4903
4490	4904
4490	4905
4490	4906
4490	4907
4490	4908
4490	4909
4490	4910
4490	4911
4490	4912
4490	4913
4490	4914
4490	4915
4490	4916
4490	4917
4490	4918
4490	4919
4490	4920
4490	4921
4490	4922
4490	4923
4490	4924
4490	4925
4490	4926
4490	4927
4490	4928
4490	4929
4490	4930
4490	4931
4490	4932
4490	4933
4490	4934
4490	4935
4490	4936
4490	4937
4490	4938
4490	4939
4490	4940
4490	4941
4490	4942
4490	4943
4490	4944
4490	4945
4490	4946
4490	4947
4490	4948
4490	4949
4490	4950
4490	4951
4490	4952
4490	4953
4490	4954
4490	4955
4490	4956
4490	4957
4490	4958
4490	4959
4490	4960
4490	4961
4490	4962
4490	4963
4490	4964
4490	4965
4490	4966
4490	4967
4490	4968
4490	4969
4490	4970
4490	4971
4490	4972
4490	4973
4490	4974
4490	4975
4490	4976
4490	4977
4490	4978
4490	4979
4490	4980
4490	4981
4490	4982
4490	4983
4490	4984
4490	4985
4490	4986
4490	4987
4490	4988
4490	4989
4490	4990
4490	4991
4490	4992
4490	4993
4490	4994
4490	4995
4490	4996
4490	4997
4490	4998
4490	4999
4490	5000
4490	5001
4490	5002
4490	5003
4490	5004
4490	5005
4490	5006
4490	5007
4490	5008
4490	5009
4490	5010
4490	5011
4490	5012
4490	5013
4490	5014
4490	5015
4490	5016
4490	5017
4490	5018
4490	5019
4490	5020
4490	5021
4490	5022
4490	5023
4490	5024
4490	5025
4490	5026
4490	5027
4490	5028
4490	5029
4490	5030
4490	5031
4490	5032
4490	5033
4490	5035
4490	5036
4490	5037
4490	5038
4490	5039
4490	5040
4490	5041
4490	5042
4490	5043
4490	5044
4490	5045
4490	5046
4490	5047
4490	5048
4490	5049
4490	5050
4490	5051
4490	5052
4490	5053
4490	5054
4490	5055
4490	5056
4490	5058
4490	5059
4490	5060
4490	5061
4490	5062
4490	5063
4490	5064
4490	5065
4490	5066
4490	5067
4490	5068
4490	5069
4490	5070
4490	5071
4490	5072
4490	5073
4490	5074
4490	5075
4490	5076
4490	5077
4490	5078
4490	5079
4490	5080
4490	5081
4490	5082
4490	5083
4490	5084
4490	5085
4490	5086
4490	5087
4490	5088
4490	5089
4490	5090
4490	5091
4490	5092
4490	5093
4490	5094
4490	5095
4490	5096
4490	5097
4490	5098
4490	5099
4490	5100
4490	5101
4490	5102
4490	5103
4490	5104
4490	5105
4490	5106
4490	5107
4490	5108
4490	5109
4490	5110
4490	5111
4490	5112
4490	5113
4490	5114
4490	5115
4490	5116
4490	5117
4490	5118
4490	5119
4490	5120
4490	5121
4490	5122
4490	5123
4490	5124
4490	5125
4490	5126
4490	5127
4490	5128
4490	5129
4490	5130
4490	5131
4490	5132
4490	5133
4490	5134
4490	5135
4490	5136
4490	5137
4490	5138
4490	5139
4490	5140
4490	5141
4490	5142
4490	5143
4490	5144
4490	5145
4490	5146
4490	5147
4490	5148
4490	5149
4490	5150
4490	5151
4490	5152
4490	5153
4490	5154
4490	5155
4490	5156
4490	5157
4490	5158
4490	5159
4490	5160
4490	5161
4490	5162
4490	5163
4490	5164
4490	5165
4490	5166
4490	5167
4490	5168
4490	5169
4490	5170
4490	5171
4490	5172
4490	5173
4490	5174
4490	5175
4490	5176
4490	5177
4490	5178
4490	5179
4490	5180
4490	5181
4490	5182
4490	5183
4490	5184
4490	5185
4490	5186
4490	5187
4490	5188
4490	5189
4490	5190
4490	5191
4490	5192
4490	5193
4490	5194
4490	5195
4490	5196
4490	5197
4490	5198
4490	5199
4490	5200
4490	5201
4490	5202
4490	5203
4490	5204
4490	5205
4490	5206
4490	5207
4490	5208
4490	5209
4490	5210
4490	5211
4490	5212
4490	5213
4490	5214
4490	5215
4490	5216
4490	5217
4490	5218
4490	5219
4490	5220
4490	5221
4490	5222
4490	5223
4490	5224
4490	5225
4490	5226
4490	5227
4490	5228
4490	5229
4490	5230
4490	5231
4490	5232
4490	5233
4490	5234
4490	5235
4490	5236
4490	5237
4490	5238
4490	5239
4490	5240
4490	5241
4490	5242
4490	5243
4490	5244
4490	5245
4490	5246
4490	5247
4490	5248
4490	5249
4490	5250
4490	5251
4490	5252
4490	5253
4490	5254
4490	5255
4490	5256
4490	5257
4490	5258
4490	5259
4490	5260
4490	5261
4490	5262
4490	5263
4490	5264
4490	5265
4490	5266
4490	5267
4490	5268
4490	5269
4490	5270
4490	5271
4490	5272
4490	5273
4490	5274
4490	5275
4490	5276
4490	5277
4490	5278
4490	5279
4490	5280
4490	5281
4490	5282
4490	5283
4490	5284
4490	5285
4490	5286
4490	5287
4490	5288
4490	5289
4490	5290
4490	5291
4490	5292
4490	5293
4490	5294
4490	5296
4490	5297
4490	5298
4490	5299
4490	5300
4490	5301
4490	5302
4490	5303
4490	5304
4490	5305
4490	5306
4490	5307
4490	5308
4490	5309
4490	5310
4490	5311
4490	5312
4490	5313
4490	5314
4490	5315
4490	5316
4490	5317
4490	5318
4490	5319
4490	5321
4490	5322
4490	5323
4490	5324
4490	5328
4490	5330
4490	5331
4490	5332
4490	5333
4490	5334
4490	5335
4490	5336
4490	5337
4490	5338
4490	5339
4490	5340
4490	5341
4490	5342
4490	5343
4490	5344
4490	5345
4490	5346
4490	5349
4490	5350
4490	5351
4490	5352
4490	5353
4490	5354
4490	5355
4490	5356
4490	5357
4490	5358
4490	5359
4490	5360
4490	5361
4490	5362
4490	5364
4490	5365
4490	5366
4490	5367
4490	5368
4490	5369
4490	5370
4490	5371
4490	5373
4490	5374
4490	5375
4490	5376
4490	5377
4490	5378
4490	5379
4490	5380
4490	5381
4490	5382
4490	5383
4490	5384
4490	5385
4490	5386
4490	5387
4490	5388
4490	5389
4490	5390
4490	5391
4490	5392
4490	5393
4490	5394
4490	5395
4490	5396
4490	5397
4490	5398
4490	5399
4490	5400
4490	5401
4490	5402
4490	5403
4490	5404
4490	5405
4490	5406
4490	5407
4490	5408
4490	5409
4490	5410
4490	5411
4490	5412
4490	5413
4490	5414
4490	5415
4490	5416
4490	5417
4490	5418
4490	5419
4490	5420
4490	5421
4490	5422
4490	5423
4490	5424
4490	5425
4490	5426
4490	5427
4490	5428
4490	5429
4490	5430
4490	5431
4490	5432
4490	5433
4490	5434
4490	5435
4490	5436
4490	5437
4490	5438
4490	5439
4490	5440
4490	5441
4490	5442
4490	5443
4490	5444
4490	5445
4490	5446
4490	5447
4490	5448
4490	5449
4490	5450
4490	5451
4490	5452
4490	5453
4490	5454
4490	5455
4490	5456
4490	5457
4490	5458
4490	5459
4490	5460
4490	5461
4490	5462
4490	5463
4490	5464
4490	5465
4490	5466
4490	5467
4490	5468
4490	5469
4490	5470
4490	5471
4490	5472
4490	5473
4490	5474
4490	5475
4490	5476
4490	5477
4490	5478
4490	5479
4490	5480
4490	5481
4490	5482
4490	5483
4490	5484
4490	5485
4490	5486
4490	5487
4490	5488
4490	5489
4490	5490
4490	5491
4490	5492
4490	5493
4490	5494
4490	5495
4490	5496
4490	5497
4490	5498
4490	5499
4490	5500
4490	5501
4490	5502
4490	5503
4490	5504
4490	5505
4490	5506
4490	5507
4490	5508
4490	5509
4490	5510
4490	5511
4490	5512
4490	5513
4490	5514
4490	5515
4490	5516
4490	5517
4490	5518
4490	5519
4490	5521
4490	5522
4490	5523
4490	5524
4490	5525
4490	5526
4490	5527
4490	5528
4490	5529
4490	5530
4490	5531
4490	5532
4490	5533
4490	5534
4490	5535
4490	5536
4490	5537
4490	5538
4490	5539
4490	5540
4490	5541
4490	5542
4490	5543
4490	5544
4490	5545
4490	5546
4490	5547
4490	5548
4490	5549
4490	5550
4490	5551
4490	5552
4490	5553
4490	5554
4490	5555
4490	5556
4490	5557
4490	5558
4490	5559
4490	5560
4490	5561
4490	5562
4490	5563
4490	5564
4490	5565
4490	5566
4490	5567
4490	5568
4490	5569
4490	5570
4490	5571
4490	5572
4490	5573
4490	5574
4490	5575
4490	5576
4490	5577
4490	5578
4490	5579
4490	5580
4490	5581
4490	5582
4490	5583
4490	5584
4490	5585
4490	5586
4490	5587
4490	5588
4490	5589
4490	5590
4490	5591
4490	5592
4490	5593
4490	5594
4490	5595
4490	5596
4490	5597
4490	5598
4490	5599
4490	5600
4490	5601
4490	5602
4490	5603
4490	5604
4490	5605
4490	5606
4490	5607
4490	5608
4490	5609
4490	5610
4490	5611
4490	5612
4490	5613
4490	5614
4490	5615
4490	5616
4490	5617
4490	5618
4490	5619
4490	5620
4490	5621
4490	5622
4490	5623
4490	5624
4490	5625
4490	5626
4490	5627
4490	5628
4490	5629
4490	5630
4490	5631
4490	5632
4490	5633
4490	5634
4490	5635
4490	5636
4490	5637
4490	5638
4490	5639
4490	5640
4490	5641
4490	5642
4490	5643
4490	5644
4490	5645
4490	5646
4490	5647
4490	5648
4490	5649
4490	5650
4490	5651
4490	5652
4490	5653
4490	5654
4490	5655
4490	5656
4490	5657
4490	5658
4490	5659
4490	5660
4490	5661
4490	5662
4490	5663
4490	5664
4490	5665
4490	5666
4490	5667
4490	5668
4490	5669
4490	5670
4490	5671
4490	5672
4490	5673
4490	5674
4490	5675
4490	5676
4490	5677
4490	5678
4490	5679
4490	5680
4490	5681
4490	5682
4490	5683
4490	5684
4490	5685
4490	5686
4490	5687
4490	5688
4490	5689
4490	5690
4490	5691
4490	5692
4490	5693
4490	5694
4490	5695
4490	5696
4490	5697
4490	5698
4490	5699
4490	5700
4490	5701
4490	5702
4490	5703
4490	5704
4490	5705
4490	5706
4490	5707
4490	5708
4490	5709
4490	5710
4490	5711
4490	5712
4490	5713
4490	5714
4490	5715
4490	5716
4490	5717
4490	5718
4490	5719
4490	5720
4490	5721
4490	5722
4490	5723
4490	5724
4490	5725
4490	5726
4490	5727
4490	5728
4490	5729
4490	5730
4490	5731
4490	5732
4490	5733
4490	5734
4490	5735
4490	5736
4490	5737
4490	5738
4490	5739
4490	5740
4490	5741
4490	5742
4490	5743
4490	5744
4490	5745
4490	5746
4490	5747
4490	5748
4490	5749
4490	5750
4490	5751
4490	5752
4490	5753
4490	5754
4490	5755
4490	5756
4490	5757
4490	5758
4490	5759
4490	5760
4490	5761
4490	5762
4490	5763
4490	5764
4490	5765
4490	5766
4490	5767
4490	5768
4490	5769
4490	5770
4490	5771
4490	5772
4490	5773
4490	5774
4490	5775
4490	5776
4490	5777
4490	5778
4490	5779
4490	5780
4490	5781
4490	5782
4490	5783
4490	5784
4490	5785
4490	5786
4490	5787
4490	5788
4490	5789
4490	5790
4490	5791
4490	5792
4490	5793
4490	5794
4490	5795
4490	5796
4490	5797
4490	5798
4490	5799
4490	5800
4490	5801
4490	5802
4490	5803
4490	5804
4490	5805
4490	5806
4490	5807
4490	5808
4490	5809
4490	5810
4490	5811
4490	5812
4490	5813
4490	5814
4490	5815
4490	5816
4490	5817
4490	5818
4490	5819
4490	5820
4490	5821
4490	5822
4490	5823
4490	5824
4490	5825
4490	5826
4490	5827
4490	5828
4490	5829
4490	5830
4490	5831
4490	5832
4490	5833
4490	5834
4490	5835
4490	5836
4490	5837
4490	5838
4490	5839
4490	5840
4490	5841
4490	5842
4490	5843
4490	5844
4490	5845
4490	5846
4490	5847
4490	5848
4490	5849
4490	5850
4490	5851
4490	5852
4490	5853
4490	5854
4490	5855
4490	5856
4490	5857
4490	5858
4490	5859
4490	5860
4490	5861
4490	5862
4490	5863
4490	5864
4490	5865
4490	5866
4490	5867
4490	5868
4490	5869
4490	5870
4490	5871
4490	5872
4490	5873
4490	5874
4490	5875
4490	5876
4490	5877
4490	5878
4490	5879
4490	5880
4490	5881
4490	5882
4490	5883
4490	5884
4490	5885
4490	5886
4490	5887
4490	5888
4490	5889
4490	5890
4490	5891
4490	5892
4490	5893
4490	5894
4490	5895
4490	5896
4490	5897
4490	5898
4490	5899
4490	5900
4490	5901
4490	5902
4490	5903
4490	5904
4490	5905
4490	5906
4490	5907
4490	5908
4490	5909
4490	5910
4490	5911
4490	5912
4490	5913
4490	5914
4490	5915
4490	5916
4490	5917
4490	5918
4490	5919
4490	5920
4490	5921
4490	5922
4490	5923
4490	5924
4490	5925
4490	5926
4490	5927
4490	5928
4490	5929
4490	5930
4490	5931
4490	5932
4490	5933
4490	5934
4490	5935
4490	5936
4490	5937
4490	5938
4490	5939
4490	5940
4490	5941
4490	5942
4490	5943
4490	5944
4490	5945
4490	5946
4490	5947
4490	5948
4490	5949
4490	5950
4490	5951
4490	5952
4490	5953
4490	5954
4490	5955
4490	5956
4490	5957
4490	5958
4490	5959
4490	5960
4490	5961
4490	5962
4490	5963
4490	5964
4490	5965
4490	5966
4490	5967
4490	5968
4490	5969
4490	5970
4490	5971
4490	5972
4490	5973
4490	5974
4490	5975
4490	5976
4490	5977
4490	5978
4490	5979
4490	5980
4490	5981
4490	5982
4490	5983
4490	5984
4490	5985
4490	5986
4490	5987
4490	5988
4490	5989
4490	5990
4490	5991
4490	5992
4490	5993
4490	5994
4490	5995
4490	5996
4490	5997
4490	5998
4490	5999
4490	6000
4490	6001
4490	6002
4490	6003
4490	6004
4490	6005
4490	6006
4490	6007
4490	6008
4490	6009
4490	6010
4490	6011
4490	6012
4490	6013
4490	6014
4490	6015
4490	6016
4490	6017
4490	6018
4490	6019
4490	6020
4490	6021
4490	6022
4490	6023
4490	6024
4490	6025
4490	6026
4490	6027
4490	6029
4490	6030
4490	6031
4490	6032
4490	6033
4490	6034
4490	6035
4490	6036
4490	6037
4490	6038
4490	6039
4490	6040
4490	6041
4490	6042
4490	6043
4490	6044
4490	6045
4490	6046
4490	6047
4490	6048
4490	6049
4490	6050
4490	6051
4490	6052
4490	6053
4490	6054
4490	6055
4490	6056
4490	6057
4490	6058
4490	6059
4490	6060
4490	6061
4490	6062
4490	6063
4490	6064
4490	6065
4490	6066
4490	6067
4490	6068
4490	6069
4490	6070
4490	6071
4490	6072
4490	6073
4490	6074
4490	6075
4490	6076
4490	6077
4490	6078
4490	6079
4490	6080
4490	6081
4490	6082
4490	6083
4490	6084
4490	6085
4490	6086
4490	6087
4490	6088
4490	6089
4490	6090
4490	6091
4490	6092
4490	6093
4490	6094
4490	6095
4490	6096
4490	6097
4490	6098
4490	6099
4490	6100
4490	6101
4490	6102
4490	6103
4490	6104
4490	6105
4490	6106
4490	6107
4490	6108
4490	6109
4490	6110
4490	6111
4490	6112
4490	6113
4490	6114
4490	6115
4490	6116
4490	6117
4490	6118
4490	6119
4490	6120
4490	6121
4490	6122
4490	6123
4490	6124
4490	6125
4490	6126
4490	6127
4490	6128
4490	6129
4490	6130
4490	6131
4490	6132
4490	6133
4490	6134
4490	6135
4490	6136
4490	6137
4490	6138
4490	6139
4490	6140
4490	6141
4490	6142
4490	6143
4490	6144
4490	6145
4490	6146
4490	6147
4490	6148
4490	6149
4490	6150
4490	6151
4490	6152
4490	6153
4490	6154
4490	6155
4490	6156
4490	6157
4490	6158
4490	6159
4490	6160
4490	6161
4490	6162
4490	6163
4490	6164
4490	6165
4490	6166
4490	6167
4490	6168
4490	6169
4490	6170
4490	6171
4490	6172
4490	6173
4490	6174
4490	6175
4490	6176
4490	6177
4490	6178
4490	6179
4490	6180
4490	6181
4490	6182
4490	6183
4490	6184
4490	6185
4490	6190
4490	6191
4490	6192
4490	6193
4490	6194
4490	6195
4490	6196
4490	6197
4490	6198
4490	6199
4490	6201
4490	6209
4490	6210
4490	6214
4490	6219
4490	6220
4490	6221
4490	6222
4490	6223
4490	6224
4490	6225
4490	6226
4490	6227
4490	6228
4490	6229
4490	6230
4490	6231
4490	6232
4490	6233
4490	6234
4490	6236
4490	6237
4490	6238
4490	6239
4490	6240
4490	6241
4490	6242
4490	6243
4490	6244
4490	6245
4490	6246
4490	6247
4490	6248
4490	6249
4490	6250
4490	6251
4490	6252
4490	6253
4490	6254
4490	6255
4490	6256
4490	6257
4490	6258
4490	6259
4490	6260
4490	6261
4490	6262
4490	6263
4490	6264
4490	6265
4490	6266
4490	6267
4490	6268
4490	6269
4490	6270
4490	6271
4490	6272
4490	6273
4490	6274
4490	6275
4490	6276
4490	6277
4490	6278
4490	6279
4490	6280
4490	6281
4490	6282
4490	6283
4490	6284
4490	6285
4490	6286
4490	6287
4490	6288
4490	6289
4490	6294
4490	6297
4490	6298
4490	6305
4490	6307
4490	6308
4490	6309
4490	6310
4490	6311
4490	6312
4490	6313
4490	6314
4490	6315
4490	6316
4490	6317
4490	6318
4490	6319
4490	6320
4490	6321
4490	6322
4490	6323
4490	6324
4490	6325
4490	6326
4490	6327
4490	6328
4490	6329
4490	6330
4490	6331
4490	6332
4490	6333
4490	6334
4490	6335
4490	6336
4490	6337
4490	6338
4490	6339
4490	6340
4490	6341
4490	6342
4490	6343
4490	6344
4490	6345
4490	6346
4490	6347
4490	6348
4490	6349
4490	6350
4490	6351
4490	6352
4490	6353
4490	6354
4490	6355
4490	6356
4490	6357
4490	6358
4490	6359
4490	6360
4490	6361
4490	6362
4490	6363
4490	6369
4490	6370
4490	6371
4490	6372
4490	6373
4490	6388
4490	6389
4490	6390
4490	6397
4490	6398
4490	6399
4490	6400
4490	6401
4490	6402
4490	6403
4490	6404
4490	6405
4490	6406
4490	6407
4490	6408
4490	6409
4490	6410
4490	6411
4490	6412
4490	6413
4490	6414
4490	6415
4490	6417
4490	6418
4490	6419
4490	6420
4490	6421
4490	6422
4490	6423
4490	6424
4490	6425
4490	6426
4490	6429
4490	6436
4490	6437
4490	6438
4490	6450
4490	6451
4490	6453
4490	6455
4490	6457
4490	6458
4490	6459
4490	6460
4490	6461
4490	6462
4490	6463
4490	6464
4490	6465
4490	6466
4490	6467
4490	6468
4490	6469
4490	6471
4490	6472
4490	6473
4490	6474
4490	6475
4490	6480
4490	6481
4490	6482
4490	6483
4490	6484
4490	6485
4490	6486
4490	6487
4490	6488
4490	6489
4490	6490
4490	6491
4490	6492
4490	6493
4490	6494
4490	6495
4490	6496
4490	6497
4490	6498
4490	6499
4490	6500
4490	6501
4490	6502
4490	6503
4490	6504
4490	6505
4490	6506
4490	6507
4490	6508
4490	6509
4490	6510
4490	6511
4490	6512
4490	6513
4490	6514
4490	6515
4490	6516
4490	6517
4490	6518
4490	6520
4490	6521
4490	6522
4490	6523
4490	6524
4490	6525
4490	6526
4490	6527
4490	6528
4490	6529
4490	6530
4490	6531
4490	6532
4490	6533
4490	6534
4490	6535
4490	6536
4490	6537
4490	6538
4490	6539
4490	6540
4490	6541
4490	6542
4490	6543
4490	6544
4490	6545
4490	6546
4490	6547
4490	6548
4490	6549
4490	6550
4490	6551
4490	6552
4490	6553
4490	6554
4490	6555
4490	6556
4490	6557
4490	6558
4490	6559
4490	6560
4490	6561
4490	6562
4490	6563
4490	6564
4490	6565
4490	6566
4490	6567
4490	6568
4490	6569
4490	6570
4490	6571
4490	6572
4490	6573
4490	6574
4490	6575
4490	6576
4490	6577
4490	6578
4490	6579
4490	6580
4490	6581
4490	6582
4490	6583
4490	6584
4490	6585
4490	6586
4490	6587
4490	6588
4490	6589
4490	6590
4490	6591
4490	6592
4490	6593
4490	6594
4490	6595
4490	6596
4490	6597
4490	6598
4490	6599
4490	6600
4490	6601
4490	6602
4490	6603
4490	6604
4490	6605
4490	6606
4490	6607
4490	6608
4490	6609
4490	6610
4490	6611
4490	6612
4490	6613
4490	6614
4490	6615
4490	6616
4490	6617
4490	6618
4490	6619
4490	6620
4490	6621
4490	6622
4490	6623
4490	6624
4490	6625
4490	6626
4490	6627
4490	6628
4490	6629
4490	6630
4490	6631
4490	6632
4490	6633
4490	6634
4490	6635
4490	6636
4490	6637
4490	6638
4490	6639
4490	6640
4490	6641
4490	6642
4490	6643
4490	6644
4490	6645
4490	6646
4490	6647
4490	6648
4490	6649
4490	6650
4490	6651
4490	6652
4490	6653
4490	6654
4490	6655
4490	6656
4490	6657
4490	6658
4490	6659
4490	6660
4490	6661
4490	6662
4490	6663
4490	6664
4490	6665
4490	6666
4490	6667
4490	6668
4490	6669
4490	6670
4490	6671
4490	6672
4490	6673
4490	6674
4490	6675
4490	6676
4490	6677
4490	6678
4490	6679
4490	6680
4490	6681
4490	6682
4490	6683
4490	6684
4490	6685
4490	6686
4490	6687
4490	6688
4490	6689
4490	6690
4490	6691
4490	6692
4490	6693
4490	6694
4490	6695
4490	6696
4490	6697
4490	6698
4490	6699
4490	6700
4490	6701
4490	6702
4490	6703
4490	6704
4490	6705
4490	6706
4490	6707
4490	6708
4490	6709
4490	6710
4490	6711
4490	6712
4490	6713
4490	6714
4490	6715
4490	6716
4490	6717
4490	6718
4490	6719
4490	6720
4490	6721
4490	6722
4490	6723
4490	6724
4490	6725
4490	6726
4490	6727
4490	6728
4490	6729
4490	6730
4490	6731
4490	6732
4490	6733
4490	6734
4490	6735
4490	6736
4490	6737
4490	6738
4490	6739
4490	6740
4490	6741
4490	6742
4490	6743
4490	6744
4490	6745
4490	6746
4490	6747
4490	6748
4490	6749
4490	6750
4490	6752
4490	6753
4490	6754
4490	6755
4490	6756
4490	6757
4490	6758
4490	6759
4490	6760
4490	6761
4490	6762
4490	6763
4490	6764
4490	6765
4490	6766
4490	6767
4490	6768
4490	6769
4490	6770
4490	6771
4490	6772
4490	6773
4490	6774
4490	6775
4490	6776
4490	6777
4490	6778
4490	6779
4490	6780
4490	6781
4490	6782
4490	6783
4490	6784
4490	6785
4490	6786
4490	6787
4490	6788
4490	6789
4490	6790
4490	6791
4490	6792
4490	6793
4490	6794
4490	6795
4490	6796
4490	6797
4490	6798
4490	6799
4490	6800
4490	6801
4490	6802
4490	6803
4490	6804
4490	6805
4490	6806
4490	6807
4490	6808
4490	6809
4490	6810
4490	6811
4490	6812
4490	6813
4490	6814
4490	6815
4490	6816
4490	6817
4490	6818
4490	6819
4490	6820
4490	6821
4490	6822
4490	6823
4490	6824
4490	6825
4490	6826
4490	6827
4490	6828
4490	6829
4490	6830
4490	6831
4490	6832
4490	6833
4490	6834
4490	6835
4490	6836
4490	6837
4490	6838
4490	6839
4490	6840
4490	6841
4490	6842
4490	6843
4490	6844
4490	6845
4490	6846
4490	6847
4490	6848
4490	6849
4490	6850
4490	6851
4490	6852
4490	6853
4490	6854
4490	6855
4490	6856
4490	6857
4490	6858
4490	6859
4490	6860
4490	6861
4490	6862
4490	6863
4490	6864
4490	6865
4490	6866
4490	6867
4490	6868
4490	6869
4490	6870
4490	6871
4490	6872
4490	6873
4490	6874
4490	6875
4490	6876
4490	6877
4490	6878
4490	6879
4490	6880
4490	6881
4490	6882
4490	6883
4490	6884
4490	6885
4490	6886
4490	6887
4490	6888
4490	6889
4490	6890
4490	6891
4490	6892
4490	6893
4490	6894
4490	6895
4490	6896
4490	6897
4490	6898
4490	6899
4490	6900
4490	6901
4490	6902
4490	6903
4490	6904
4490	6905
4490	6906
4490	6907
4490	6908
4490	6909
4490	6910
4490	6911
4490	6912
4490	6913
4490	6914
4490	6915
4490	6916
4490	6917
4490	6918
4490	6919
4490	6920
4490	6921
4490	6922
4490	6923
4490	6924
4490	6925
4490	6926
4490	6927
4490	6928
4490	6929
4490	6930
4490	6931
4490	6932
4490	6933
4490	6934
4490	6935
4490	6936
4490	6937
4490	6938
4490	6939
4490	6940
4490	6941
4490	6942
4490	6943
4490	6944
4490	6945
4490	6946
4490	6947
4490	6948
4490	6949
4490	6950
4490	6951
4490	6952
4490	6953
4490	6954
4490	6955
4490	6956
4490	6957
4490	6958
4490	6959
4490	6960
4490	6961
4490	6962
4490	6963
4490	6964
4490	6965
4490	6966
4490	6967
4490	6968
4490	6969
4490	6970
4490	6971
4490	6972
4490	6973
4490	6974
4490	6975
4490	6976
4490	6977
4490	6978
4490	6979
4490	6980
4490	6981
4490	6982
4490	6983
4490	6984
4490	6985
4490	6986
4490	6987
4490	6988
4490	6989
4490	6990
4490	6991
4490	6992
4490	6993
4490	6994
4490	6995
4490	6996
4490	6997
4490	6998
4490	6999
4490	7000
4490	7001
4490	7002
4490	7003
4490	7004
4490	7005
4490	7006
4490	7007
4490	7008
4490	7009
4490	7010
4490	7011
4490	7012
4490	7013
4490	7014
4490	7015
4490	7016
4490	7017
4490	7018
4490	7019
4490	7020
4490	7021
4490	7022
4490	7023
4490	7024
4490	7025
4490	7026
4490	7027
4490	7028
4490	7029
4490	7030
4490	7033
4490	7034
4490	7035
4490	7036
4490	7037
4490	7038
4490	7039
4490	7040
4490	7041
4490	7042
4490	7043
4490	7044
4490	7045
4490	7046
4490	7047
4490	7048
4490	7049
4490	7050
4490	7051
4490	7052
4490	7053
4490	7054
4490	7055
4490	7056
4490	7057
4490	7058
4490	7059
4490	7060
4490	7061
4490	7062
4490	7063
4490	7064
4490	7065
4490	7066
4490	7067
4490	7068
4490	7069
4490	7070
4490	7071
4490	7072
4490	7073
4490	7074
4490	7075
4490	7076
4490	7077
4490	7078
4490	7079
4490	7080
4490	7081
4490	7082
4490	7083
4490	7084
4490	7085
4490	7086
4490	7087
4490	7088
4490	7089
4490	7090
4490	7091
4490	7092
4490	7093
4490	7094
4490	7095
4490	7096
4490	7097
4490	7098
4490	7099
4490	7100
4490	7101
4490	7102
4490	7103
4490	7104
4490	7105
4490	7106
4490	7107
4490	7108
4490	7109
4490	7110
4490	7111
4490	7112
4490	7113
4490	7114
4490	7115
4490	7116
4490	7117
4490	7118
4490	7119
4490	7120
4490	7121
4490	7122
4490	7123
4490	7124
4490	7125
4490	7126
4490	7127
4490	7128
4490	7129
4490	7130
4490	7131
4490	7132
4490	7133
4490	7134
4490	7135
4490	7136
4490	7137
4490	7138
4490	7139
4490	7140
4490	7141
4490	7142
4490	7143
4490	7144
4490	7145
4490	7146
4490	7147
4490	7148
4490	7149
4490	7150
4490	7151
4490	7152
4490	7153
4490	7154
4490	7155
4490	7156
4490	7157
4490	7158
4490	7159
4490	7160
4490	7161
4490	7162
4490	7163
4490	7164
4490	7165
4490	7166
4490	7167
4490	7168
4490	7169
4490	7170
4490	7171
4490	7172
4490	7173
4490	7174
4490	7175
4490	7176
4490	7177
4490	7178
4490	7179
4490	7180
4490	7181
4490	7182
4490	7183
4490	7184
4490	7185
4490	7186
4490	7187
4490	7188
4490	7189
4490	7190
4490	7191
4490	7192
4490	7193
4490	7194
4490	7195
4490	7196
4490	7197
4490	7198
4490	7199
4490	7200
4490	7201
4490	7202
4490	7203
4490	7204
4490	7205
4490	7206
4490	7207
4490	7208
4490	7209
4490	7210
4490	7211
4490	7212
4490	7213
4490	7214
4490	7215
4490	7216
4490	7217
4490	7218
4490	7219
4490	7220
4490	7221
4490	7222
4490	7223
4490	7224
4490	7225
4490	7226
4490	7227
4490	7228
4490	7229
4490	7230
4490	7231
4490	7232
4490	7233
4490	7234
4490	7235
4490	7236
4490	7237
4490	7238
4490	7239
4490	7240
4490	7241
4490	7242
4490	7243
4490	7244
4490	7245
4490	7246
4490	7247
4490	7248
4490	7249
4490	7250
4490	7251
4490	7252
4490	7253
4490	7254
4490	7255
4490	7256
4490	7257
4490	7258
4490	7259
4490	7260
4490	7261
4490	7262
4490	7263
4490	7264
4490	7265
4490	7266
4490	7267
4490	7268
4490	7269
4490	7270
4490	7271
4490	7272
4490	7273
4490	7274
4490	7275
4490	7276
4490	7277
4490	7278
4490	7279
4490	7280
4490	7281
4490	7282
4490	7283
4490	7284
4490	7285
4490	7286
4490	7287
4490	7288
4490	7289
4490	7290
4490	7291
4490	7292
4490	7293
4490	7294
4490	7295
4490	7296
4490	7297
4490	7298
4490	7299
4490	7300
4490	7301
4490	7302
4490	7303
4490	7304
4490	7305
4490	7306
4490	7307
4490	7308
4490	7309
4490	7310
4490	7311
4490	7312
4490	7313
4490	7314
4490	7315
4490	7316
4490	7317
4490	7318
4490	7319
4490	7320
4490	7321
4490	7322
4490	7323
4490	7324
4490	7325
4490	7326
4490	7327
4490	7328
4490	7329
4490	7330
4490	7331
4490	7332
4490	7333
4490	7334
4490	7335
4490	7336
4490	7337
4490	7338
4490	7339
4490	7340
4490	7341
4490	7342
4490	7343
4490	7344
4490	7345
4490	7346
4490	7347
4490	7348
4490	7349
4490	7350
4490	7351
4490	7352
4490	7353
4490	7354
4490	7355
4490	7356
4490	7357
4490	7358
4490	7359
4490	7360
4490	7361
4490	7362
4490	7363
4490	7364
4490	7365
4490	7366
4490	7367
4490	7368
4490	7369
4490	7370
4490	7371
4490	7372
4490	7373
4490	7374
4490	7375
4490	7376
4490	7377
4490	7378
4490	7379
4490	7380
4490	7381
4490	7382
4490	7383
4490	7384
4490	7385
4490	7386
4490	7387
4490	7388
4490	7389
4490	7390
4490	7391
4490	7392
4490	7393
4490	7394
4490	7395
4490	7396
4490	7397
4490	7398
4490	7400
4490	7401
4490	7402
4490	7403
4490	7404
4490	7405
4490	7406
4490	7407
4490	7408
4490	7409
4490	7410
4490	7411
4490	7412
4490	7413
4490	7414
4490	7415
4490	7416
4490	7417
4490	7418
4490	7419
4490	7420
4490	7421
4490	7422
4490	7423
4490	7424
4490	7425
4490	7426
4490	7427
4490	7428
4490	7429
4490	7430
4490	7431
4490	7432
4490	7433
4490	7434
4490	7435
4490	7436
4490	7437
4490	7438
4490	7439
4490	7440
4490	7441
4490	7442
4490	7443
4490	7444
4490	7445
4490	7446
4490	7447
4490	7448
4490	7449
4490	7450
4490	7451
4490	7452
4490	7453
4490	7454
4490	7455
4490	7456
4490	7457
4490	7458
4490	7459
4490	7460
4490	7461
4490	7462
4490	7463
4490	7464
4490	7465
4490	7466
4490	7467
4490	7468
4490	7469
4490	7470
4490	7471
4490	7472
4490	7473
4490	7474
4490	7475
4490	7476
4490	7477
4490	7478
4490	7479
4490	7480
4490	7481
4490	7482
4490	7483
4490	7484
4490	7485
4490	7486
4490	7487
4490	7488
4490	7489
4490	7490
4490	7491
4490	7492
4490	7493
4490	7494
4490	7495
4490	7496
4490	7497
4490	7498
4490	7499
4490	7500
4490	7501
4490	7502
4490	7503
4490	7504
4490	7505
4490	7506
4490	7507
4490	7508
4490	7509
4490	7510
4490	7511
4490	7512
4490	7513
4490	7514
4490	7515
4490	7516
4490	7517
4490	7518
4490	7519
4490	7520
4490	7521
4490	7522
4490	7523
4490	7524
4490	7525
4490	7526
4490	7527
4490	7528
4490	7529
4490	7530
4490	7531
4490	7532
4490	7533
4490	7534
4490	7536
4490	7537
4490	7538
4490	7539
4490	7540
4490	7541
4490	7545
4490	7548
4490	7549
4490	7558
4490	7559
4490	7563
4490	7564
4490	7565
4490	7566
4490	7567
4490	7568
4490	7580
4490	7581
4490	7582
4490	7583
4490	7584
4490	7585
4490	7586
4490	7587
4490	7588
4490	7589
4490	7590
4490	7591
4490	7592
4490	7593
4490	7594
4490	7595
4490	7596
4490	7597
4490	7598
4490	7599
4490	7600
4490	7601
4490	7602
4490	7603
4490	7604
4490	7610
4490	7611
4490	7612
4490	7613
4490	7622
4490	7623
4490	7624
4490	7625
4490	7626
4490	7627
4490	7629
4490	7630
4490	7631
4490	7632
4490	7633
4490	7634
4490	7635
4490	7636
4490	7637
4490	7638
4490	7639
4490	7640
4490	7641
4490	7642
4490	7643
4490	7644
4490	7645
4490	7646
4490	7647
4490	7648
4490	7649
4490	7650
4490	7651
4490	7652
4490	7653
4490	7654
4490	7655
4490	7656
4490	7657
4490	7658
4490	7659
4490	7660
4490	7661
4490	7662
4490	7663
4490	7664
4490	7665
4490	7666
4490	7667
4490	7668
4490	7669
4490	7670
4490	7671
4490	7672
4490	7673
4490	7674
4490	7675
4490	7676
4490	7677
4490	7678
4490	7679
4490	7680
4490	7681
4490	7682
4490	7683
4490	7684
4490	7685
4490	7686
4490	7687
4490	7689
4490	7690
4490	7691
4490	7692
4490	7693
4490	7694
4490	7695
4490	7696
4490	7697
4490	7698
4490	7699
4490	7701
4490	7702
4490	7703
4490	7704
4490	7706
4490	7707
4490	7708
4490	7709
4490	7713
4490	7716
4490	7717
4490	7718
4490	7719
4490	7720
4490	7721
4490	7722
4490	7723
4490	7724
4490	7729
4490	7732
4490	7739
4490	7745
4490	7763
4490	7770
4490	7786
4490	7787
4490	7788
4490	7789
4490	7790
4490	7791
4490	7792
4490	7793
4490	7794
4490	7796
4490	7797
4490	7798
4490	7800
4490	7801
4490	7802
4490	7803
4490	7804
4490	7805
4490	7806
4490	7807
4490	7808
4490	7809
4490	7810
4490	7811
4490	7812
4490	7813
4490	7814
4490	7815
4490	7816
4490	7817
4490	7818
4490	7819
4490	7820
4490	7827
4490	7828
4490	7829
4490	7830
4490	7831
4490	7832
4490	7833
4490	7834
4490	7835
4490	7836
4490	7837
4490	7838
4490	7839
4490	7840
4490	7841
4490	7842
4490	7843
4490	7844
4490	7845
4490	7846
4490	7847
4490	7848
4490	7849
4490	7850
4490	7851
4490	7852
4490	7853
4490	7854
4490	7855
4490	7856
4490	7857
4490	7858
4490	7859
4490	7860
4490	7861
4490	7862
4490	7863
4490	7864
4490	7865
4490	7867
4490	7868
4490	7869
4490	7870
4490	7871
4490	7872
4490	7873
4490	7874
4490	7875
4490	7876
4490	7877
4490	7878
4490	7879
4490	7880
4490	7881
4490	7882
4490	7883
4490	7884
4490	7885
4490	7886
4490	7887
4490	7888
4490	7889
4490	7890
4490	7891
4490	7892
4490	7893
4490	7894
4490	7895
4490	7909
4490	7910
4490	7911
4490	7912
4490	7913
4490	7914
4490	7915
4490	7917
4490	7918
4490	7919
4490	7920
4490	7921
4490	7927
4490	7936
4490	7937
4490	7938
4490	7940
4490	7941
4490	7942
4490	7943
4490	7944
4490	7945
4490	7946
4490	7951
4490	7956
4490	7961
4490	7962
4490	7964
4490	7965
4490	7970
4490	7979
4490	7980
4490	7985
4490	7994
4490	7995
4490	7996
4490	7997
4490	7998
4490	8012
4490	8013
4490	8014
4490	8015
4490	8016
4490	8017
4490	8018
4490	8019
4490	8020
4490	8021
4490	8022
4490	8023
4490	8024
4490	8025
4490	8026
4490	8027
4490	8028
4490	8029
4490	8030
4490	8031
4490	8032
4490	8033
4490	8034
4490	8035
4490	8036
4490	8037
4490	8038
4490	8039
4490	8040
4490	8041
4490	8042
4490	8043
4490	8044
4490	8045
4490	8046
4490	8047
4490	8048
4490	8049
4490	8050
4490	8051
4490	8052
4490	8053
4490	8054
4490	8055
4490	8056
4490	8057
4490	8058
4490	8059
4490	8060
4490	8061
4490	8062
4490	8063
4490	8064
4490	8065
4490	8066
4490	8067
4490	8068
4490	8069
4490	8070
4490	8071
4490	8072
4490	8073
4490	8074
4490	8075
4490	8076
4490	8077
4490	8078
4490	8079
4490	8080
4490	8081
4490	8082
4490	8083
4490	8084
4490	8085
4490	8086
4490	8087
4490	8088
4490	8089
4490	8090
4490	8091
4490	8092
4490	8093
4490	8094
4490	8095
4490	8096
4490	8097
4490	8098
4490	8099
4490	8100
4490	8101
4490	8102
4490	8103
4490	8104
4490	8105
4490	8106
4490	8107
4490	8108
4490	8109
4490	8110
4490	8111
4490	8112
4490	8113
4490	8114
4490	8115
4490	8116
4490	8117
4490	8118
4490	8119
4490	8120
4490	8121
4490	8122
4490	8123
4490	8124
4490	8125
4490	8126
4490	8127
4490	8128
4490	8129
4490	8130
4490	8131
4490	8132
4490	8133
4490	8134
4490	8135
4490	8136
4490	8137
4490	8138
4490	8143
4490	8146
4490	8148
4490	8154
4490	8155
4490	8156
4490	8157
4490	8158
4490	8159
4490	8160
4490	8161
4490	8165
4490	8166
4490	8167
4490	8169
4490	8170
4490	8171
4490	8172
4490	8173
4490	8174
4490	8175
4490	8176
4490	8177
4490	8181
4490	8182
4490	8183
4490	8184
4490	8185
4490	8186
4490	8187
4490	8188
4490	8189
4490	8190
4490	8191
4490	8192
4490	8193
4490	8194
4490	8195
4490	8196
4490	8197
4490	8198
4490	8199
4490	8200
4490	8201
4490	8202
4490	8203
4490	8204
4490	8205
4490	8206
4490	8207
4490	8208
4490	8209
4490	8210
4490	8211
4490	8212
4490	8213
4490	8214
4490	8215
4490	8216
4490	8217
4490	8218
4490	8219
4490	8220
4490	8221
4490	8222
4490	8223
4490	8224
4490	8225
4490	8226
4490	8227
4490	8228
4490	8229
4490	8230
4490	8231
4490	8232
4490	8233
4490	8234
4490	8235
4490	8236
4490	8237
4490	8238
4490	8239
4490	8240
4490	8241
4490	8242
4490	8243
4490	8244
4490	8245
4490	8246
4490	8247
4490	8248
4490	8249
4490	8250
4490	8251
4490	8252
4490	8253
4490	8254
4490	8255
4490	8256
4490	8257
4490	8258
4490	8259
4490	8260
4490	8261
4490	8262
4490	8263
4490	8264
4490	8266
4490	8267
4490	8268
4490	8269
4490	8270
4490	8271
4490	8272
4490	8273
4490	8274
4490	8275
4490	8276
4490	8277
4490	8278
4490	8279
4490	8280
4490	8281
4490	8282
4490	8283
4490	8284
4490	8285
4490	8286
4490	8287
4490	8288
4490	8289
4490	8290
4490	8291
4490	8292
4490	8293
4490	8294
4490	8295
4490	8296
4490	8297
4490	8298
4490	8299
4490	8300
4490	8301
4490	8302
4490	8303
4490	8304
4490	8305
4490	8306
4490	8307
4490	8308
4490	8309
4490	8310
4490	8311
4490	8312
4490	8313
4490	8314
4490	8315
4490	8316
4490	8317
4490	8318
4490	8319
4490	8320
4490	8321
4490	8322
4490	8323
4490	8324
4490	8325
4490	8326
4490	8327
4490	8328
4490	8329
4490	8330
4490	8331
4490	8332
4490	8333
4490	8334
4490	8335
4490	8336
4490	8337
4490	8338
4490	8339
4490	8340
4490	8341
4490	8342
4490	8343
4490	8344
4490	8345
4490	8346
4490	8347
4490	8348
4490	8349
4490	8350
4490	8351
4490	8352
4490	8353
4490	8354
4490	8355
4490	8356
4490	8357
4490	8358
4490	8359
4490	8360
4490	8361
4490	8362
4490	8363
4490	8364
4490	8365
4490	8366
4490	8367
4490	8368
4490	8369
4490	8370
4490	8371
4490	8372
4490	8373
4490	8374
4490	8375
4490	8376
4490	8377
4490	8378
4490	8379
4490	8380
4490	8381
4490	8382
4490	8383
4490	8384
4490	8385
4490	8386
4490	8387
4490	8388
4490	8389
4490	8390
4490	8391
4490	8392
4490	8393
4490	8394
4490	8395
4490	8396
4490	8397
4490	8398
4490	8399
4490	8400
4490	8401
4490	8402
4490	8403
4490	8404
4490	8405
4490	8406
4490	8407
4490	8408
4490	8409
4490	8410
4490	8411
4490	8412
4490	8413
4490	8414
4490	8415
4490	8416
4490	8417
4490	8418
4490	8419
4490	8420
4490	8421
4490	8422
4490	8423
4490	8424
4490	8425
4490	8426
4490	8427
4490	8428
4490	8429
4490	8430
4490	8431
4490	8432
4490	8433
4490	8434
4490	8435
4490	8436
4490	8437
4490	8438
4490	8439
4490	8440
4490	8441
4490	8442
4490	8443
4490	8444
4490	8445
4490	8447
4490	8448
4490	8449
4490	8450
4490	8451
4490	8452
4490	8453
4490	8454
4490	8455
4490	8456
4490	8457
4490	8458
4490	8459
4490	8460
4490	8461
4490	8462
4490	8463
4490	8464
4490	8465
4490	8466
4490	8467
4490	8468
4490	8469
4490	8470
4490	8471
4490	8472
4490	8473
4490	8474
4490	8475
4490	8476
4490	8477
4490	8478
4490	8479
4490	8480
4490	8481
4490	8482
4490	8483
4490	8484
4490	8485
4490	8486
4490	8487
4490	8488
4490	8489
4490	8490
4490	8491
4490	8492
4490	8493
4490	8494
4490	8495
4490	8496
4490	8497
4490	8498
4490	8499
4490	8500
4490	8501
4490	8502
4490	8503
4490	8504
4490	8505
4490	8506
4490	8507
4490	8508
4490	8509
4490	8510
4490	8511
4490	8512
4490	8513
4490	8514
4490	8515
4490	8516
4490	8517
4490	8518
4490	8519
4490	8520
4490	8521
4490	8522
4490	8523
4490	8524
4490	8525
4490	8526
4490	8527
4490	8528
4490	8529
4490	8530
4490	8531
4490	8533
4490	8534
4490	8535
4490	8536
4490	8537
4490	8539
4490	8540
4490	8541
4490	8542
4490	8543
4490	8544
4490	8545
4490	8546
4490	8547
4490	8548
4490	8549
4490	8550
4490	8551
4490	8552
4490	8553
4490	8554
4490	8555
4490	8556
4490	8557
4490	8558
4490	8559
4490	8560
4490	8561
4490	8562
4490	8563
4490	8564
4490	8565
4490	8566
4490	8567
4490	8568
4490	8569
4490	8570
4490	8571
4490	8572
4490	8573
4490	8574
4490	8575
4490	8576
4490	8577
4490	8578
4490	8579
4490	8580
4490	8581
4490	8582
4490	8583
4490	8584
4490	8585
4490	8586
4490	8587
4490	8588
4490	8589
4490	8590
4490	8591
4490	8592
4490	8593
4490	8594
4490	8595
4490	8596
4490	8597
4490	8598
4490	8599
4490	8600
4490	8601
4490	8602
4490	8603
4490	8604
4490	8605
4490	8606
4490	8607
4490	8608
4490	8609
4490	8610
4490	8611
4490	8612
4490	8613
4490	8614
4490	8615
4490	8616
4490	8617
4490	8618
4490	8619
4490	8620
4490	8621
4490	8622
4490	8623
4490	8624
4490	8625
4490	8626
4490	8627
4490	8628
4490	8629
4490	8630
4490	8631
4490	8632
4490	8633
4490	8634
4490	8635
4490	8636
4490	8637
4490	8638
4490	8639
4490	8640
4490	8641
4490	8642
4490	8643
4490	8644
4490	8645
4490	8646
4490	8647
4490	8648
4490	8649
4490	8650
4490	8651
4490	8652
4490	8653
4490	8654
4490	8655
4490	8656
4490	8657
4490	8658
4490	8659
4490	8660
4490	8661
4490	8662
4490	8663
4490	8671
4490	8673
4490	8674
4490	8675
4490	8676
4490	8677
4490	8678
4490	8679
4490	8680
4490	8681
4490	8682
4490	8683
4490	8684
4490	8685
4490	8686
4490	8687
4490	8688
4490	8689
4490	8690
4490	8691
4490	8692
4490	8693
4490	8694
4490	8695
4490	8696
4490	8697
4490	8698
4490	8699
4490	8700
4490	8701
4490	8702
4490	8703
4490	8704
4490	8705
4490	8706
4490	8707
4490	8708
4490	8709
4490	8710
4490	8711
4490	8712
4490	8713
4490	8714
4490	8715
4490	8716
4490	8717
4490	8718
4490	8719
4490	8720
4490	8721
4490	8722
4490	8723
4490	8724
4490	8725
4490	8726
4490	8727
4490	8728
4490	8729
4490	8730
4490	8731
4490	8732
4490	8733
4490	8734
4490	8735
4490	8736
4490	8737
4490	8738
4490	8739
4490	8740
4490	8741
4490	8742
4490	8743
4490	8744
4490	8745
4490	8746
4490	8747
4490	8748
4490	8749
4490	8750
4490	8751
4490	8752
4490	8753
4490	8754
4490	8755
4490	8756
4490	8757
4490	8758
4490	8759
4490	8760
4490	8761
4490	8762
4490	8763
4490	8764
4490	8765
4490	8766
4490	8767
4490	8768
4490	8769
4490	8770
4490	8771
4490	8772
4490	8773
4490	8774
4490	8775
4490	8776
4490	8777
4490	8778
4490	8779
4490	8780
4490	8781
4490	8782
4490	8783
4490	8784
4490	8785
4490	8786
4490	8787
4490	8788
4490	8789
4490	8790
4490	8791
4490	8792
4490	8793
4490	8794
4490	8795
4490	8796
4490	8797
4490	8798
4490	8799
4490	8800
4490	8801
4490	8802
4490	8803
4490	8804
4490	8805
4490	8806
4490	8807
4490	8808
4490	8809
4490	8810
4490	8811
4490	8812
4490	8813
4490	8814
4490	8815
4490	8816
4490	8817
4490	8818
4490	8819
4490	8820
4490	8821
4490	8822
4490	8823
4490	8824
4490	8825
4490	8826
4490	8827
4490	8828
4490	8829
4490	8830
4490	8831
4490	8832
4490	8833
4490	8834
4490	8835
4490	8836
4490	8837
4490	8838
4490	8839
4490	8840
4490	8841
4490	8842
4490	8843
4490	8844
4490	8845
4490	8846
4490	8847
4490	8848
4490	8849
4490	8850
4490	8851
4490	8852
4490	8853
4490	8854
4490	8855
4490	8856
4490	8857
4490	8858
4490	8859
4490	8860
4490	8861
4490	8862
4490	8863
4490	8864
4490	8865
4490	8866
4490	8867
4490	8868
4490	8869
4490	8870
4490	8871
4490	8872
4490	8873
4490	8874
4490	8875
4490	8876
4490	8877
4490	8878
4490	8879
4490	8880
4490	8881
4490	8882
4490	8883
4490	8884
4490	8885
4490	8886
4490	8887
4490	8888
4490	8889
4490	8890
4490	8891
4490	8892
4490	8893
4490	8894
4490	8895
4490	8896
4490	8897
4490	8898
4490	8899
4490	8900
4490	8901
4490	8902
4490	8903
4490	8904
4490	8905
4490	8906
4490	8907
4490	8908
4490	8909
4490	8910
4490	8911
4490	8912
4490	8913
4490	8914
4490	8915
4490	8916
4490	8917
4490	8918
4490	8919
4490	8920
4490	8923
4490	8924
4490	8925
4490	8926
4490	8927
4490	8928
4490	8929
4490	8930
4490	8931
4490	8932
4490	8933
4490	8934
4490	8939
4490	8940
4490	8941
4490	8942
4490	8943
4490	8944
4490	8945
4490	8946
4490	8947
4490	8948
4490	8949
4490	8950
4490	8951
4490	8952
4490	8953
4490	8954
4490	8955
4490	8956
4490	8957
4490	8958
4490	8959
4490	8960
4490	8961
4490	8962
4490	8963
4490	8964
4490	8965
4490	8966
4490	8967
4490	8968
4490	8969
4490	8970
4490	8971
4490	8972
4490	8973
4490	8974
4490	8975
4490	8976
4490	8977
4490	8978
4490	8979
4490	8980
4490	8981
4490	8982
4490	8983
4490	8984
4490	8985
4490	8986
4490	8987
4490	8988
4490	8989
4490	8990
4490	8991
4490	8992
4490	8993
4490	8994
4490	8995
4490	8996
4490	8997
4490	8998
4490	8999
4490	9000
4490	9001
4490	9002
4490	9003
4490	9004
4490	9005
4490	9006
4490	9007
4490	9008
4490	9009
4490	9010
4490	9011
4490	9012
4490	9013
4490	9014
4490	9015
4490	9016
4490	9017
4490	9018
4490	9019
4490	9020
4490	9021
4490	9022
4490	9023
4490	9024
4490	9025
4490	9026
4490	9027
4490	9028
4490	9029
4490	9030
4490	9031
4490	9032
4490	9033
4490	9034
4490	9035
4490	9036
4490	9037
4490	9038
4490	9039
4490	9040
4490	9041
4490	9042
4490	9043
4490	9044
4490	9045
4490	9046
4490	9047
4490	9048
4490	9049
4490	9050
4490	9051
4490	9052
4490	9053
4490	9054
4490	9055
4490	9056
4490	9057
4490	9058
4490	9059
4490	9060
4490	9061
4490	9062
4490	9063
4490	9064
4490	9065
4490	9066
4490	9067
4490	9068
4490	9069
4490	9070
4490	9071
4490	9072
4490	9073
4490	9074
4490	9075
4490	9076
4490	9077
4490	9078
4490	9079
4490	9080
4490	9081
4490	9082
4490	9083
4490	9084
4490	9085
4490	9086
4490	9087
4490	9088
4490	9089
4490	9090
4490	9091
4490	9092
4490	9093
4490	9094
4490	9095
4490	9096
4490	9097
4490	9098
4490	9099
4490	9100
4490	9101
4490	9102
4490	9103
4490	9104
4490	9105
4490	9106
4490	9107
4490	9108
4490	9109
4490	9110
4490	9111
4490	9112
4490	9113
4490	9114
4490	9115
4490	9116
4490	9117
4490	9118
4490	9119
4490	9120
4490	9121
4490	9122
4490	9123
4490	9124
4490	9125
4490	9126
4490	9127
4490	9128
4490	9129
4490	9130
4490	9131
4490	9132
4490	9133
4490	9134
4490	9135
4490	9136
4490	9137
4490	9138
4490	9139
4490	9140
9954	9965
9954	done
9954	9966
9954	done
9954	9975
9954	done
9954	9976
9954	done
5954	5955
5954	done
